<?xml version="1.0" encoding="UTF-8"?>
<!-- Generated by org.testng.reporters.JUnitReportReporter -->
<testsuite hostname="DESKTOP-7D9LM88" failures="0" tests="1" name="com.training.sanity.tests.TestCase2" time="16.405" errors="0" timestamp="06 May 2020 11:39:04 GMT" skipped="0">
  <testcase classname="com.training.sanity.tests.TestCase2" name="login" time="16.405"/>
</testsuite> <!-- com.training.sanity.tests.TestCase2 -->
