<?xml version="1.0" encoding="UTF-8"?>
<!-- Generated by org.testng.reporters.JUnitReportReporter -->
<testsuite hostname="DESKTOP-7D9LM88" failures="0" tests="1" name="com.training.sanity.tests.LoginTests" time="7.048" errors="0" timestamp="07 May 2020 21:59:47 GMT" skipped="0">
  <testcase classname="com.training.sanity.tests.LoginTests" name="testCase3" time="7.048"/>
</testsuite> <!-- com.training.sanity.tests.LoginTests -->
