<?xml version="1.0" encoding="UTF-8"?>
<!-- Generated by org.testng.reporters.JUnitReportReporter -->
<testsuite hostname="DESKTOP-7D9LM88" failures="0" tests="4" name="com.training.regression.tests.LoginExcelTest" time="95.380" errors="0" timestamp="29 May 2020 02:41:30 GMT" skipped="0">
  <testcase classname="com.training.regression.tests.LoginExcelTest" name="loginExcelTest" time="25.827"/>
  <testcase classname="com.training.regression.tests.LoginExcelTest" name="loginExcelTest" time="22.895"/>
  <testcase classname="com.training.regression.tests.LoginExcelTest" name="loginExcelTest" time="23.642"/>
  <testcase classname="com.training.regression.tests.LoginExcelTest" name="loginExcelTest" time="23.016"/>
</testsuite> <!-- com.training.regression.tests.LoginExcelTest -->
