<?xml version="1.0" encoding="UTF-8"?>
<!-- Generated by org.testng.reporters.JUnitReportReporter -->
<testsuite hostname="DESKTOP-7D9LM88" failures="0" tests="1" name="com.training.regression.tests.LoginDBTest" time="30.906" errors="0" timestamp="29 May 2020 02:37:40 GMT" skipped="0">
  <testcase classname="com.training.regression.tests.LoginDBTest" name="loginDBTest" time="30.906"/>
</testsuite> <!-- com.training.regression.tests.LoginDBTest -->
