<?xml version="1.0" encoding="UTF-8"?>
<!-- Generated by org.testng.reporters.JUnitReportReporter -->
<testsuite hostname="DESKTOP-7D9LM88" failures="0" tests="1" name="com.training.sanity.tests.TestCase1" time="13.664" errors="0" timestamp="06 May 2020 23:46:24 GMT" skipped="0">
  <testcase classname="com.training.sanity.tests.TestCase1" name="logout" time="13.664"/>
</testsuite> <!-- com.training.sanity.tests.TestCase1 -->
