<?xml version="1.0" encoding="UTF-8"?>
<!-- Generated by org.testng.reporters.JUnitReportReporter -->
<testsuite hostname="DESKTOP-7D9LM88" failures="0" tests="1" name="com.training.sanity.tests.LoginTests" time="10.601" errors="0" timestamp="14 May 2020 00:35:03 GMT" skipped="0">
  <testcase classname="com.training.sanity.tests.LoginTests" name="testcase2" time="10.601"/>
</testsuite> <!-- com.training.sanity.tests.LoginTests -->
